<?xml version="1.0" encoding="UTF-8"?>
<testsuite xmlns:xsi="http://www.w3.org/2001/XMLSchema-instance" xsi:noNamespaceSchemaLocation="https://maven.apache.org/surefire/maven-surefire-plugin/xsd/surefire-test-report.xsd" name="com.training.rest.mapper.CustomerMapperTest" time="0.001" tests="2" errors="0" skipped="0" failures="0">
  <properties/>
  <testcase name="customerDTOToCustomer" classname="com.training.rest.mapper.CustomerMapperTest" time="0"/>
  <testcase name="customerToCustomerDTO" classname="com.training.rest.mapper.CustomerMapperTest" time="0"/>
</testsuite>