<?xml version="1.0" encoding="UTF-8"?>
<testsuite xmlns:xsi="http://www.w3.org/2001/XMLSchema-instance" xsi:noNamespaceSchemaLocation="https://maven.apache.org/surefire/maven-surefire-plugin/xsd/surefire-test-report.xsd" name="com.training.rest.controllers.CategoryControllerTest" time="0.931" tests="3" errors="0" skipped="0" failures="0">
  <properties/>
  <testcase name="testListCategories" classname="com.training.rest.controllers.CategoryControllerTest" time="0.877"/>
  <testcase name="testGetCategoryByName" classname="com.training.rest.controllers.CategoryControllerTest" time="0.027"/>
  <testcase name="testGetCategoryByNameNotFound" classname="com.training.rest.controllers.CategoryControllerTest" time="0.019"/>
</testsuite>