<?xml version="1.0" encoding="UTF-8"?>
<testsuite xmlns:xsi="http://www.w3.org/2001/XMLSchema-instance" xsi:noNamespaceSchemaLocation="https://maven.apache.org/surefire/maven-surefire-plugin/xsd/surefire-test-report.xsd" name="com.training.rest.controllers.VendorControllerTest" time="1.088" tests="9" errors="0" skipped="0" failures="0">
  <properties/>
  <testcase name="testGetVendorById" classname="com.training.rest.controllers.VendorControllerTest" time="0.018"/>
  <testcase name="createNewVendor" classname="com.training.rest.controllers.VendorControllerTest" time="0.006"/>
  <testcase name="testPatchVendorNotFoundThrowsException" classname="com.training.rest.controllers.VendorControllerTest" time="0.006"/>
  <testcase name="deleteVendorByIdTest" classname="com.training.rest.controllers.VendorControllerTest" time="0.007"/>
  <testcase name="testGetAllVendors" classname="com.training.rest.controllers.VendorControllerTest" time="0.006"/>
  <testcase name="testPatchVendor" classname="com.training.rest.controllers.VendorControllerTest" time="0.006"/>
  <testcase name="testUpdateVendor" classname="com.training.rest.controllers.VendorControllerTest" time="0.005"/>
  <testcase name="testGetVendorByIdNotFoundThrowsException" classname="com.training.rest.controllers.VendorControllerTest" time="0.004"/>
  <testcase name="testUpdateVendorNotFoundThrowsException" classname="com.training.rest.controllers.VendorControllerTest" time="0.005"/>
</testsuite>