<?xml version="1.0" encoding="UTF-8"?>
<testsuite xmlns:xsi="http://www.w3.org/2001/XMLSchema-instance" xsi:noNamespaceSchemaLocation="https://maven.apache.org/surefire/maven-surefire-plugin/xsd/surefire-test-report.xsd" name="com.training.rest.services.VendorServiceTest" time="0.024" tests="6" errors="0" skipped="0" failures="0">
  <properties/>
  <testcase name="deleteVendorByIdTest" classname="com.training.rest.services.VendorServiceTest" time="0.017"/>
  <testcase name="createNewVendorTest" classname="com.training.rest.services.VendorServiceTest" time="0.002"/>
  <testcase name="getAllVendorsTest" classname="com.training.rest.services.VendorServiceTest" time="0.001"/>
  <testcase name="getVendorByIdTest" classname="com.training.rest.services.VendorServiceTest" time="0.001"/>
  <testcase name="patchVendorTest" classname="com.training.rest.services.VendorServiceTest" time="0.001"/>
  <testcase name="saveVendorByDTOTest" classname="com.training.rest.services.VendorServiceTest" time="0.001"/>
</testsuite>